2018-12-13 00:33:37,608 DEBUG org.springframework.web.filter.GenericFilterBean [main] Filter 'requestContextFilter' configured successfully
2018-12-13 00:33:37,624 DEBUG org.springframework.web.filter.GenericFilterBean [main] Initializing filter 'httpPutFormContentFilter'
2018-12-13 00:33:37,624 DEBUG org.springframework.web.filter.GenericFilterBean [main] Filter 'httpPutFormContentFilter' configured successfully
2018-12-13 00:33:37,624 DEBUG org.springframework.web.filter.GenericFilterBean [main] Initializing filter 'hiddenHttpMethodFilter'
2018-12-13 00:33:37,624 DEBUG org.springframework.web.filter.GenericFilterBean [main] Filter 'hiddenHttpMethodFilter' configured successfully
2018-12-13 00:33:37,625 DEBUG org.springframework.web.filter.GenericFilterBean [main] Initializing filter 'characterEncodingFilter'
2018-12-13 00:33:37,625 DEBUG org.springframework.web.filter.GenericFilterBean [main] Filter 'characterEncodingFilter' configured successfully
2018-12-13 00:33:37,625 DEBUG org.springframework.web.filter.GenericFilterBean [main] Initializing filter 'httpTraceFilter'
2018-12-13 00:33:37,625 DEBUG org.springframework.web.filter.GenericFilterBean [main] Filter 'httpTraceFilter' configured successfully
2018-12-13 00:33:37,625 DEBUG org.springframework.web.filter.GenericFilterBean [main] Initializing filter 'springSecurityFilterChain'
2018-12-13 00:33:37,626 DEBUG org.springframework.web.filter.GenericFilterBean [main] Filter 'springSecurityFilterChain' configured successfully
2018-12-13 00:33:37,760 INFO org.springframework.boot.web.embedded.undertow.UndertowServletWebServer [main] Undertow started on port(s) 80 (http) with context path ''
2018-12-13 00:33:37,764 INFO org.springframework.boot.StartupInfoLogger [main] Started Application in 81.869 seconds (JVM running for 84.644)
2018-12-13 00:33:37,770 DEBUG com.coalvalue.configuration.ApplicationReadyEventListener [main] begin ------------------------------------FUCJHJHK
2018-12-13 00:33:46,765 DEBUG com.coalvalue.update.XMLRetrieverService [pool-9-thread-1] 获取更新信息http://localhost:8002/update/AppUpdateFX.xml
2018-12-13 00:33:48,385 DEBUG com.sun.xml.internal.bind.v2.ContextFactory [pool-9-thread-1] Property com.sun.xml.internal.bind.XmlAccessorFactoryis not active.  Using JAXB's implementation
2018-12-13 00:33:52,169 DEBUG com.sun.xml.internal.bind.v2.runtime.reflect.opt.OptimizedAccessorFactory [pool-9-thread-1] Using optimized Accessor for public java.lang.String com.coalvalue.update.model.Application.getName() and public void com.coalvalue.update.model.Application.setName(java.lang.String)
2018-12-13 00:33:52,170 DEBUG com.sun.xml.internal.bind.v2.runtime.reflect.opt.OptimizedAccessorFactory [pool-9-thread-1] Using optimized Accessor for public java.net.URL com.coalvalue.update.model.Application.getLicenses() and public void com.coalvalue.update.model.Application.setLicenses(java.net.URL)
2018-12-13 00:33:52,171 DEBUG com.sun.xml.internal.bind.v2.runtime.reflect.opt.OptimizedAccessorFactory [pool-9-thread-1] Using optimized Accessor for public java.net.URL com.coalvalue.update.model.Application.getChangelog() and public void com.coalvalue.update.model.Application.setChangelog(java.net.URL)
2018-12-13 00:33:52,186 DEBUG com.sun.xml.internal.bind.v2.runtime.reflect.opt.OptimizedTransducedAccessorFactory [pool-9-thread-1] Using optimized TransducedAccessor for com.coalvalue.update.model.Release#id
2018-12-13 00:33:52,187 DEBUG com.sun.xml.internal.bind.v2.runtime.reflect.opt.OptimizedAccessorFactory [pool-9-thread-1] Using optimized Accessor for public java.lang.String com.coalvalue.update.model.Release.getVersion() and public void com.coalvalue.update.model.Release.setVersion(java.lang.String)
2018-12-13 00:33:52,189 DEBUG com.sun.xml.internal.bind.v2.runtime.reflect.opt.OptimizedTransducedAccessorFactory [pool-9-thread-1] Using optimized TransducedAccessor for com.coalvalue.update.model.Release#licenseVersion
2018-12-13 00:33:52,190 DEBUG com.sun.xml.internal.bind.v2.runtime.reflect.opt.OptimizedAccessorFactory [pool-9-thread-1] Using optimized Accessor for public java.util.Date com.coalvalue.update.model.Release.getReleaseDate() and public void com.coalvalue.update.model.Release.setReleaseDate(java.util.Date)
2018-12-13 00:33:52,191 DEBUG com.sun.xml.internal.bind.v2.runtime.reflect.opt.OptimizedAccessorFactory [pool-9-thread-1] Using optimized Accessor for public java.net.URL com.coalvalue.update.model.Binary.getHref() and public void com.coalvalue.update.model.Binary.setHref(java.net.URL)
2018-12-13 00:33:52,193 DEBUG com.sun.xml.internal.bind.v2.runtime.reflect.opt.OptimizedTransducedAccessorFactory [pool-9-thread-1] Using optimized TransducedAccessor for com.coalvalue.update.model.Binary#size
2018-12-13 00:33:52,194 DEBUG com.sun.xml.internal.bind.v2.runtime.reflect.opt.OptimizedAccessorFactory [pool-9-thread-1] Using optimized Accessor for public com.coalvalue.update.model.Platform com.coalvalue.update.model.Binary.getPlatform() and public void com.coalvalue.update.model.Binary.setPlatform(com.coalvalue.update.model.Platform)
2018-12-13 00:33:52,196 DEBUG com.sun.xml.internal.bind.v2.runtime.reflect.opt.OptimizedAccessorFactory [pool-9-thread-1] Using optimized Accessor for public com.coalvalue.update.model.Verification com.coalvalue.update.model.Binary.getVerification() and public void com.coalvalue.update.model.Binary.setVerification(com.coalvalue.update.model.Verification)
2018-12-13 00:33:52,197 DEBUG com.sun.xml.internal.bind.v2.runtime.reflect.opt.OptimizedAccessorFactory [pool-9-thread-1] Using optimized Accessor for public com.coalvalue.update.model.VerificationType com.coalvalue.update.model.Verification.getType() and public void com.coalvalue.update.model.Verification.setType(com.coalvalue.update.model.VerificationType)
2018-12-13 00:33:52,199 DEBUG com.sun.xml.internal.bind.v2.runtime.reflect.opt.OptimizedAccessorFactory [pool-9-thread-1] Using optimized Accessor for public java.lang.String com.coalvalue.update.model.Verification.getAlgorithm() and public void com.coalvalue.update.model.Verification.setAlgorithm(java.lang.String)
2018-12-13 00:33:52,200 DEBUG com.sun.xml.internal.bind.v2.runtime.reflect.opt.OptimizedAccessorFactory [pool-9-thread-1] Using optimized Accessor for public byte[] com.coalvalue.update.model.Verification.getValue() and public void com.coalvalue.update.model.Verification.setValue(byte[])
2018-12-13 00:33:52,217 DEBUG com.sun.xml.internal.bind.v2.util.XmlFactory [pool-9-thread-1] SAXParserFactory instance: com.sun.org.apache.xerces.internal.jaxp.SAXParserFactoryImpl@4e17dfda
2018-12-13 00:33:55,458 DEBUG com.sun.xml.internal.bind.v2.runtime.unmarshaller.SAXConnector [pool-9-thread-1] SAXConnector.startDocument
2018-12-13 00:33:55,459 DEBUG com.sun.xml.internal.bind.v2.runtime.unmarshaller.SAXConnector [pool-9-thread-1] SAXConnector.startElement: :application:application, attrs: com.sun.org.apache.xerces.internal.parsers.AbstractSAXParser$AttributesProxy@53a4a55c
2018-12-13 00:33:55,459 TRACE com.sun.xml.internal.bind.v2.runtime.unmarshaller.UnmarshallingContext$State [pool-9-thread-1] State.push
2018-12-13 00:33:55,460 DEBUG com.sun.xml.internal.bind.v2.runtime.unmarshaller.SAXConnector [pool-9-thread-1] SAXConnector.startElement: :release:release, attrs: com.sun.org.apache.xerces.internal.parsers.AbstractSAXParser$AttributesProxy@53a4a55c
2018-12-13 00:33:55,460 TRACE com.sun.xml.internal.bind.v2.runtime.unmarshaller.UnmarshallingContext$State [pool-9-thread-1] State.push
2018-12-13 00:33:55,584 DEBUG com.sun.xml.internal.bind.v2.runtime.unmarshaller.SAXConnector [pool-9-thread-1] SAXConnector.startElement: :binary:binary, attrs: com.sun.org.apache.xerces.internal.parsers.AbstractSAXParser$AttributesProxy@53a4a55c
2018-12-13 00:33:55,584 TRACE com.sun.xml.internal.bind.v2.runtime.unmarshaller.UnmarshallingContext$State [pool-9-thread-1] State.push
2018-12-13 00:33:55,584 DEBUG com.sun.xml.internal.bind.v2.runtime.unmarshaller.SAXConnector [pool-9-thread-1] SAXConnector.startElement: :binary:binary
2018-12-13 00:33:55,584 TRACE com.sun.xml.internal.bind.v2.runtime.unmarshaller.UnmarshallingContext$State [pool-9-thread-1] State.pop
2018-12-13 00:33:55,585 DEBUG com.sun.xml.internal.bind.v2.runtime.unmarshaller.SAXConnector [pool-9-thread-1] SAXConnector.startElement: :release:release
2018-12-13 00:33:55,585 TRACE com.sun.xml.internal.bind.v2.runtime.unmarshaller.UnmarshallingContext$State [pool-9-thread-1] State.pop
2018-12-13 00:33:55,585 DEBUG com.sun.xml.internal.bind.v2.runtime.unmarshaller.SAXConnector [pool-9-thread-1] SAXConnector.startElement: :application:application
2018-12-13 00:33:55,585 TRACE com.sun.xml.internal.bind.v2.runtime.unmarshaller.UnmarshallingContext$State [pool-9-thread-1] State.pop
2018-12-13 00:33:55,681 DEBUG com.sun.xml.internal.bind.v2.runtime.unmarshaller.SAXConnector [pool-9-thread-1] SAXConnector.endDocument
2018-12-13 00:34:02,859 DEBUG com.zaxxer.hikari.pool.HikariPool [HikariPool-1 housekeeper] HikariPool-1 - Pool stats (total=10, active=0, idle=10, waiting=0)
2018-12-13 00:34:32,682 DEBUG com.coalvalue.task.InitTasks [threadPoolExecutor-1] ============================= UUID_TOPIC_default: 000000000000000000000000000000000000000000000000000
2018-12-13 00:34:32,682 DEBUG com.coalvalue.task.InitTasks [threadPoolExecutor-1] ============================= identityorg.eclipse.paho.client.mqttv3.MqttClient@6ee7e602
2018-12-13 00:34:32,683 DEBUG com.coalvalue.task.InitTasks [threadPoolExecutor-1] ============================= UUID_TOPIC: q8fwjn3
2018-12-13 00:34:32,683 DEBUG com.coalvalue.task.InitTasks [threadPoolExecutor-1] ============================= ----imei: 868784021789953
2018-12-13 00:34:32,861 DEBUG com.zaxxer.hikari.pool.HikariPool [HikariPool-1 housekeeper] HikariPool-1 - Pool stats (total=10, active=0, idle=10, waiting=0)
2018-12-13 00:35:02,862 DEBUG com.zaxxer.hikari.pool.HikariPool [HikariPool-1 housekeeper] HikariPool-1 - Pool stats (total=10, active=0, idle=10, waiting=0)
2018-12-13 00:35:32,864 DEBUG com.zaxxer.hikari.pool.HikariPool [HikariPool-1 housekeeper] HikariPool-1 - Pool stats (total=10, active=0, idle=10, waiting=0)
2018-12-13 00:36:02,866 DEBUG com.zaxxer.hikari.pool.HikariPool [HikariPool-1 housekeeper] HikariPool-1 - Pool stats (total=10, active=0, idle=10, waiting=0)
2018-12-13 13:46:48,717 DEBUG org.springframework.boot.context.logging.ClasspathLoggingApplicationListener [main] Application started with classpath: [file:/C:/Users/silence/AppData/Local/Temp/classpath2112146302.jar, file:/C:/Program%20Files/JetBrains/IntelliJ%20IDEA%202018.1.4/lib/idea_rt.jar]
2018-12-13 13:46:49,055 INFO org.springframework.boot.StartupInfoLogger [main] Starting Application on silence-PC with PID 10560 (E:\carparkingnew\out\production\classes started by silence in E:\carparkingnew)
2018-12-13 13:46:49,055 DEBUG org.springframework.boot.StartupInfoLogger [main] Running with Spring Boot v2.0.4.RELEASE, Spring v5.0.8.RELEASE
2018-12-13 13:46:49,055 INFO org.springframework.boot.SpringApplication [main] The following profiles are active: devlocal
2018-12-13 13:46:49,055 DEBUG org.springframework.boot.SpringApplication [main] Loading source class com.Application
2018-12-13 13:46:49,213 DEBUG org.springframework.boot.logging.DeferredLog$Line [main] Activated activeProfiles devlocal
2018-12-13 13:46:49,213 DEBUG org.springframework.boot.logging.DeferredLog$Line [main] Loaded config file 'file:/E:/carparkingnew/out/production/classes/application.yml' (classpath:/application.yml)
2018-12-13 13:46:49,213 DEBUG org.springframework.boot.logging.DeferredLog$Line [main] Loaded config file 'file:/E:/carparkingnew/out/production/classes/application-devlocal.yml' (classpath:/application-devlocal.yml) for profile devlocal
2018-12-13 13:46:49,213 INFO org.springframework.context.support.AbstractApplicationContext [main] Refreshing org.springframework.boot.web.servlet.context.AnnotationConfigServletWebServerApplicationContext@31fa1761: startup date [Thu Dec 13 13:46:49 CST 2018]; root of context hierarchy
2018-12-13 13:46:49,228 DEBUG org.springframework.context.support.AbstractApplicationContext [main] Bean factory for org.springframework.boot.web.servlet.context.AnnotationConfigServletWebServerApplicationContext@31fa1761: org.springframework.beans.factory.support.DefaultListableBeanFactory@7486b455: defining beans [org.springframework.context.annotation.internalConfigurationAnnotationProcessor,org.springframework.context.annotation.internalAutowiredAnnotationProcessor,org.springframework.context.annotation.internalRequiredAnnotationProcessor,org.springframework.context.annotation.internalCommonAnnotationProcessor,org.springframework.context.annotation.internalPersistenceAnnotationProcessor,org.springframework.context.event.internalEventListenerProcessor,org.springframework.context.event.internalEventListenerFactory,application]; root of factory hierarchy
