2018-12-13 13:47:11,491 DEBUG org.hibernate.engine.jdbc.spi.SqlStatementLogger [main] select inventory0_.id as id1_13_, inventory0_.create_by as create_b2_13_, inventory0_.create_date as create_d3_13_, inventory0_.modify_by as modify_b4_13_, inventory0_.modify_date as modify_d5_13_, inventory0_.uuid as uuid6_13_, inventory0_.version as version7_13_, inventory0_.coal_type as coal_typ8_13_, inventory0_.company_id as company_9_13_, inventory0_.granularity as granula10_13_, inventory0_.indicator1 as indicat11_13_, inventory0_.indicator2 as indicat12_13_, inventory0_.indicator3 as indicat13_13_, inventory0_.indicator4 as indicat14_13_, inventory0_.indicator5 as indicat15_13_, inventory0_.item_id as item_id16_13_, inventory0_.item_type as item_ty17_13_, inventory0_.synchronized_time as synchro18_13_, inventory0_.no as no19_13_, inventory0_.product_no as product20_13_, inventory0_.quantity_on_hand as quantit21_13_, inventory0_.quote as quote22_13_, inventory0_.status as status23_13_, inventory0_.storage_no as storage24_13_, inventory0_.synchronized_status as synchro25_13_ from storage.inventory inventory0_
2018-12-13 13:47:11,507 DEBUG com.zaxxer.hikari.pool.PoolBase [main] HikariPool-1 - Reset (readOnly) on connection conn0: url=jdbc:h2:~/h2db user=SA
2018-12-13 13:47:12,149 DEBUG org.springframework.boot.web.servlet.ServletContextInitializerBeans [main] Added existing Filter initializer bean 'webMvcMetricsFilter'; order=-2147483647, resource=class path resource [org/springframework/boot/actuate/autoconfigure/metrics/web/servlet/WebMvcMetricsAutoConfiguration.class]
2018-12-13 13:47:12,149 DEBUG org.springframework.boot.web.servlet.ServletContextInitializerBeans [main] Added existing Filter initializer bean 'securityFilterChainRegistration'; order=-100, resource=class path resource [org/springframework/boot/autoconfigure/security/servlet/SecurityFilterAutoConfiguration.class]
2018-12-13 13:47:12,149 DEBUG org.springframework.boot.web.servlet.ServletContextInitializerBeans [main] Added existing EventListener initializer bean 'httpSessionEventPublisher'; order=2147483647, resource=class path resource [com/coalvalue/configuration/SecurityConfig.class]
2018-12-13 13:47:12,149 DEBUG org.springframework.boot.web.servlet.ServletContextInitializerBeans [main] Added existing Servlet initializer bean 'dispatcherServletRegistration'; order=2147483647, resource=class path resource [org/springframework/boot/autoconfigure/web/servlet/DispatcherServletAutoConfiguration$DispatcherServletRegistrationConfiguration.class]
2018-12-13 13:47:12,149 DEBUG org.springframework.boot.web.servlet.ServletContextInitializerBeans [main] Added existing Servlet initializer bean 'h2Console'; order=2147483647, resource=class path resource [org/springframework/boot/autoconfigure/h2/H2ConsoleAutoConfiguration.class]
2018-12-13 13:47:12,149 DEBUG org.springframework.boot.web.servlet.ServletContextInitializerBeans [main] Added existing ServletContextInitializer initializer bean 'servletEndpointRegistrar'; order=2147483647, resource=class path resource [org/springframework/boot/actuate/autoconfigure/endpoint/web/ServletEndpointManagementContextConfiguration$WebMvcServletEndpointManagementContextConfiguration.class]
2018-12-13 13:47:12,149 DEBUG org.springframework.boot.web.servlet.ServletContextInitializerBeans [main] Added existing Servlet initializer bean 'com.coalvalue.python.plate.PlateServlet'; order=2147483647, resource=null
2018-12-13 13:47:12,196 DEBUG org.springframework.boot.web.servlet.ServletContextInitializerBeans [main] Created Filter initializer for bean 'characterEncodingFilter'; order=-2147483648, resource=class path resource [org/springframework/boot/autoconfigure/web/servlet/HttpEncodingAutoConfiguration.class]
2018-12-13 13:47:12,196 DEBUG org.springframework.boot.web.servlet.ServletContextInitializerBeans [main] Created Filter initializer for bean 'hiddenHttpMethodFilter'; order=-10000, resource=class path resource [org/springframework/boot/autoconfigure/web/servlet/WebMvcAutoConfiguration.class]
2018-12-13 13:47:12,196 DEBUG org.springframework.boot.web.servlet.ServletContextInitializerBeans [main] Created Filter initializer for bean 'httpPutFormContentFilter'; order=-9900, resource=class path resource [org/springframework/boot/autoconfigure/web/servlet/WebMvcAutoConfiguration.class]
2018-12-13 13:47:12,196 DEBUG org.springframework.boot.web.servlet.ServletContextInitializerBeans [main] Created Filter initializer for bean 'requestContextFilter'; order=-105, resource=class path resource [org/springframework/boot/autoconfigure/web/servlet/WebMvcAutoConfiguration$WebMvcAutoConfigurationAdapter.class]
2018-12-13 13:47:12,196 DEBUG org.springframework.boot.web.servlet.ServletContextInitializerBeans [main] Created Filter initializer for bean 'httpTraceFilter'; order=2147483637, resource=class path resource [org/springframework/boot/actuate/autoconfigure/trace/http/HttpTraceAutoConfiguration$ServletTraceFilterConfiguration.class]
2018-12-13 13:47:12,227 INFO org.springframework.boot.web.servlet.AbstractFilterRegistrationBean [main] Mapping filter: 'characterEncodingFilter' to: [/*]
2018-12-13 13:47:12,227 INFO org.springframework.boot.web.servlet.AbstractFilterRegistrationBean [main] Mapping filter: 'webMvcMetricsFilter' to: [/*]
2018-12-13 13:47:12,227 INFO org.springframework.boot.web.servlet.AbstractFilterRegistrationBean [main] Mapping filter: 'hiddenHttpMethodFilter' to: [/*]
2018-12-13 13:47:12,227 INFO org.springframework.boot.web.servlet.AbstractFilterRegistrationBean [main] Mapping filter: 'httpPutFormContentFilter' to: [/*]
2018-12-13 13:47:12,227 INFO org.springframework.boot.web.servlet.AbstractFilterRegistrationBean [main] Mapping filter: 'requestContextFilter' to: [/*]
2018-12-13 13:47:12,227 INFO org.springframework.boot.web.servlet.AbstractFilterRegistrationBean [main] Mapping filter: 'springSecurityFilterChain' to: [/*]
2018-12-13 13:47:12,227 INFO org.springframework.boot.web.servlet.AbstractFilterRegistrationBean [main] Mapping filter: 'httpTraceFilter' to: [/*]
2018-12-13 13:47:12,227 INFO org.springframework.boot.web.servlet.ServletRegistrationBean [main] Servlet dispatcherServlet mapped to [/]
2018-12-13 13:47:12,259 INFO org.springframework.boot.web.servlet.ServletRegistrationBean [main] Servlet webServlet mapped to [/h2-console/*]
2018-12-13 13:47:12,259 INFO org.springframework.boot.web.servlet.ServletRegistrationBean [main] Servlet com.coalvalue.python.plate.PlateServlet mapped to [/plateServlet]
2018-12-13 13:47:33,517 DEBUG com.zaxxer.hikari.pool.HikariPool [HikariPool-1 housekeeper] HikariPool-1 - Pool stats (total=10, active=0, idle=10, waiting=0)
2018-12-13 13:47:43,880 DEBUG org.springframework.security.web.access.expression.ExpressionBasedFilterInvocationSecurityMetadataSource [main] Adding web access control expression 'permitAll', for ExactUrl [processUrl='/mobile/register/login?error']
2018-12-13 13:47:43,881 DEBUG org.springframework.security.web.access.expression.ExpressionBasedFilterInvocationSecurityMetadataSource [main] Adding web access control expression 'permitAll', for ExactUrl [processUrl='/login']
2018-12-13 13:47:43,881 DEBUG org.springframework.security.web.access.expression.ExpressionBasedFilterInvocationSecurityMetadataSource [main] Adding web access control expression 'permitAll', for ExactUrl [processUrl='/mobile/register/login']
2018-12-13 13:47:43,881 DEBUG org.springframework.security.web.access.expression.ExpressionBasedFilterInvocationSecurityMetadataSource [main] Adding web access control expression 'permitAll', for Ant [pattern='/logout', POST]
2018-12-13 13:47:43,882 DEBUG org.springframework.security.web.access.expression.ExpressionBasedFilterInvocationSecurityMetadataSource [main] Adding web access control expression 'permitAll', for ExactUrl [processUrl='/']
2018-12-13 13:47:43,883 DEBUG org.springframework.security.web.access.expression.ExpressionBasedFilterInvocationSecurityMetadataSource [main] Adding web access control expression 'authenticated', for Ant [pattern='/home/createTransfer**']
2018-12-13 13:47:43,883 DEBUG org.springframework.security.web.access.expression.ExpressionBasedFilterInvocationSecurityMetadataSource [main] Adding web access control expression 'authenticated', for Ant [pattern='/home/correctEdit**']
2018-12-13 13:47:43,883 DEBUG org.springframework.security.web.access.expression.ExpressionBasedFilterInvocationSecurityMetadataSource [main] Adding web access control expression 'authenticated', for Ant [pattern='/report/statistic']
2018-12-13 13:47:43,884 DEBUG org.springframework.security.web.access.expression.ExpressionBasedFilterInvocationSecurityMetadataSource [main] Adding web access control expression 'permitAll', for Ant [pattern='/']
2018-12-13 13:47:43,884 DEBUG org.springframework.security.web.access.expression.ExpressionBasedFilterInvocationSecurityMetadataSource [main] Adding web access control expression 'permitAll', for Ant [pattern='/execute']
2018-12-13 13:47:43,884 DEBUG org.springframework.security.web.access.expression.ExpressionBasedFilterInvocationSecurityMetadataSource [main] Adding web access control expression 'permitAll', for Ant [pattern='/welcome']
2018-12-13 13:47:43,885 DEBUG org.springframework.security.web.access.expression.ExpressionBasedFilterInvocationSecurityMetadataSource [main] Adding web access control expression 'permitAll', for Ant [pattern='/images/**']
2018-12-13 13:47:43,885 DEBUG org.springframework.security.web.access.expression.ExpressionBasedFilterInvocationSecurityMetadataSource [main] Adding web access control expression 'permitAll', for Ant [pattern='/focus/**']
2018-12-13 13:47:43,885 DEBUG org.springframework.security.web.access.expression.ExpressionBasedFilterInvocationSecurityMetadataSource [main] Adding web access control expression 'permitAll', for Ant [pattern='/newQuery']
2018-12-13 13:47:43,885 DEBUG org.springframework.security.web.access.expression.ExpressionBasedFilterInvocationSecurityMetadataSource [main] Adding web access control expression 'permitAll', for Ant [pattern='/info/**']
2018-12-13 13:47:43,885 DEBUG org.springframework.security.web.access.expression.ExpressionBasedFilterInvocationSecurityMetadataSource [main] Adding web access control expression 'permitAll', for Ant [pattern='/service/**']
2018-12-13 13:47:43,886 DEBUG org.springframework.security.web.access.expression.ExpressionBasedFilterInvocationSecurityMetadataSource [main] Adding web access control expression 'permitAll', for Ant [pattern='/accessDeniedPage.htm']
2018-12-13 13:47:43,886 DEBUG org.springframework.security.web.access.expression.ExpressionBasedFilterInvocationSecurityMetadataSource [main] Adding web access control expression 'permitAll', for Ant [pattern='/logo_header.png']
2018-12-13 13:47:43,886 DEBUG org.springframework.security.web.access.expression.ExpressionBasedFilterInvocationSecurityMetadataSource [main] Adding web access control expression 'permitAll', for Ant [pattern='/plateServlet*/**']
2018-12-13 13:47:43,886 DEBUG org.springframework.security.web.access.expression.ExpressionBasedFilterInvocationSecurityMetadataSource [main] Adding web access control expression 'permitAll', for Ant [pattern='/plate/register']
2018-12-13 13:47:43,886 DEBUG org.springframework.security.web.access.expression.ExpressionBasedFilterInvocationSecurityMetadataSource [main] Adding web access control expression 'permitAll', for Ant [pattern='/info']
2018-12-13 13:47:43,887 DEBUG org.springframework.security.web.access.expression.ExpressionBasedFilterInvocationSecurityMetadataSource [main] Adding web access control expression 'permitAll', for Ant [pattern='/configurationInfo']
2018-12-13 13:47:43,887 DEBUG org.springframework.security.web.access.expression.ExpressionBasedFilterInvocationSecurityMetadataSource [main] Adding web access control expression 'permitAll', for Ant [pattern='/h2-console/**']
2018-12-13 13:47:43,887 DEBUG org.springframework.security.web.access.expression.ExpressionBasedFilterInvocationSecurityMetadataSource [main] Adding web access control expression 'permitAll', for Ant [pattern='/login.do/**']
2018-12-13 13:47:43,887 DEBUG org.springframework.security.web.access.expression.ExpressionBasedFilterInvocationSecurityMetadataSource [main] Adding web access control expression 'permitAll', for Ant [pattern='/webapp.zip']
2018-12-13 13:47:43,887 DEBUG org.springframework.security.web.access.expression.ExpressionBasedFilterInvocationSecurityMetadataSource [main] Adding web access control expression 'permitAll', for Ant [pattern='/j_spring_security_check']
2018-12-13 13:47:43,887 DEBUG org.springframework.security.web.access.expression.ExpressionBasedFilterInvocationSecurityMetadataSource [main] Adding web access control expression 'permitAll', for Ant [pattern='/report/**']
2018-12-13 13:47:43,888 DEBUG org.springframework.security.web.access.expression.ExpressionBasedFilterInvocationSecurityMetadataSource [main] Adding web access control expression 'permitAll', for Ant [pattern='/plateServlet/register']
2018-12-13 13:47:43,888 DEBUG org.springframework.security.web.access.expression.ExpressionBasedFilterInvocationSecurityMetadataSource [main] Adding web access control expression 'permitAll', for Ant [pattern='/home/**']
